<?xml version="1.0" encoding="UTF-8"?>
<testsuite xmlns:xsi="http://www.w3.org/2001/XMLSchema-instance" xsi:noNamespaceSchemaLocation="https://maven.apache.org/surefire/maven-surefire-plugin/xsd/surefire-test-report.xsd" version="3.0.2" name="com.github.tests.CreateIssueTest" time="6.43" tests="4" errors="0" skipped="0" failures="0">
  <properties>
    <property name="java.specification.version" value="21"/>
    <property name="sun.jnu.encoding" value="UTF-8"/>
    <property name="java.class.path" value="/Users/aras88/GitHub/github-automation/target/test-classes:/Users/aras88/GitHub/github-automation/target/classes:/Users/aras88/.m2/repository/org/springframework/boot/spring-boot-starter-web/3.4.1/spring-boot-starter-web-3.4.1.jar:/Users/aras88/.m2/repository/org/springframework/boot/spring-boot-starter/3.4.1/spring-boot-starter-3.4.1.jar:/Users/aras88/.m2/repository/org/springframework/boot/spring-boot/3.4.1/spring-boot-3.4.1.jar:/Users/aras88/.m2/repository/org/springframework/boot/spring-boot-autoconfigure/3.4.1/spring-boot-autoconfigure-3.4.1.jar:/Users/aras88/.m2/repository/org/springframework/boot/spring-boot-starter-logging/3.4.1/spring-boot-starter-logging-3.4.1.jar:/Users/aras88/.m2/repository/ch/qos/logback/logback-classic/1.5.12/logback-classic-1.5.12.jar:/Users/aras88/.m2/repository/ch/qos/logback/logback-core/1.5.12/logback-core-1.5.12.jar:/Users/aras88/.m2/repository/org/apache/logging/log4j/log4j-to-slf4j/2.24.3/log4j-to-slf4j-2.24.3.jar:/Users/aras88/.m2/repository/org/apache/logging/log4j/log4j-api/2.24.3/log4j-api-2.24.3.jar:/Users/aras88/.m2/repository/org/slf4j/jul-to-slf4j/2.0.16/jul-to-slf4j-2.0.16.jar:/Users/aras88/.m2/repository/jakarta/annotation/jakarta.annotation-api/2.1.1/jakarta.annotation-api-2.1.1.jar:/Users/aras88/.m2/repository/org/yaml/snakeyaml/2.3/snakeyaml-2.3.jar:/Users/aras88/.m2/repository/org/springframework/boot/spring-boot-starter-json/3.4.1/spring-boot-starter-json-3.4.1.jar:/Users/aras88/.m2/repository/com/fasterxml/jackson/core/jackson-databind/2.18.2/jackson-databind-2.18.2.jar:/Users/aras88/.m2/repository/com/fasterxml/jackson/core/jackson-annotations/2.18.2/jackson-annotations-2.18.2.jar:/Users/aras88/.m2/repository/com/fasterxml/jackson/core/jackson-core/2.18.2/jackson-core-2.18.2.jar:/Users/aras88/.m2/repository/com/fasterxml/jackson/datatype/jackson-datatype-jdk8/2.18.2/jackson-datatype-jdk8-2.18.2.jar:/Users/aras88/.m2/repository/com/fasterxml/jackson/datatype/jackson-datatype-jsr310/2.18.2/jackson-datatype-jsr310-2.18.2.jar:/Users/aras88/.m2/repository/com/fasterxml/jackson/module/jackson-module-parameter-names/2.18.2/jackson-module-parameter-names-2.18.2.jar:/Users/aras88/.m2/repository/org/springframework/boot/spring-boot-starter-tomcat/3.4.1/spring-boot-starter-tomcat-3.4.1.jar:/Users/aras88/.m2/repository/org/apache/tomcat/embed/tomcat-embed-core/10.1.34/tomcat-embed-core-10.1.34.jar:/Users/aras88/.m2/repository/org/apache/tomcat/embed/tomcat-embed-el/10.1.34/tomcat-embed-el-10.1.34.jar:/Users/aras88/.m2/repository/org/apache/tomcat/embed/tomcat-embed-websocket/10.1.34/tomcat-embed-websocket-10.1.34.jar:/Users/aras88/.m2/repository/org/springframework/spring-web/6.2.1/spring-web-6.2.1.jar:/Users/aras88/.m2/repository/org/springframework/spring-beans/6.2.1/spring-beans-6.2.1.jar:/Users/aras88/.m2/repository/io/micrometer/micrometer-observation/1.14.2/micrometer-observation-1.14.2.jar:/Users/aras88/.m2/repository/io/micrometer/micrometer-commons/1.14.2/micrometer-commons-1.14.2.jar:/Users/aras88/.m2/repository/org/springframework/spring-webmvc/6.2.1/spring-webmvc-6.2.1.jar:/Users/aras88/.m2/repository/org/springframework/spring-aop/6.2.1/spring-aop-6.2.1.jar:/Users/aras88/.m2/repository/org/springframework/spring-context/6.2.1/spring-context-6.2.1.jar:/Users/aras88/.m2/repository/org/springframework/spring-expression/6.2.1/spring-expression-6.2.1.jar:/Users/aras88/.m2/repository/org/projectlombok/lombok/1.18.36/lombok-1.18.36.jar:/Users/aras88/.m2/repository/org/json/json/20220320/json-20220320.jar:/Users/aras88/.m2/repository/io/rest-assured/rest-assured/5.5.0/rest-assured-5.5.0.jar:/Users/aras88/.m2/repository/org/apache/groovy/groovy/4.0.24/groovy-4.0.24.jar:/Users/aras88/.m2/repository/org/apache/groovy/groovy-xml/4.0.24/groovy-xml-4.0.24.jar:/Users/aras88/.m2/repository/org/apache/httpcomponents/httpclient/4.5.13/httpclient-4.5.13.jar:/Users/aras88/.m2/repository/org/apache/httpcomponents/httpcore/4.4.16/httpcore-4.4.16.jar:/Users/aras88/.m2/repository/commons-logging/commons-logging/1.2/commons-logging-1.2.jar:/Users/aras88/.m2/repository/commons-codec/commons-codec/1.17.1/commons-codec-1.17.1.jar:/Users/aras88/.m2/repository/org/apache/httpcomponents/httpmime/4.5.13/httpmime-4.5.13.jar:/Users/aras88/.m2/repository/org/hamcrest/hamcrest/2.2/hamcrest-2.2.jar:/Users/aras88/.m2/repository/org/ccil/cowan/tagsoup/tagsoup/1.2.1/tagsoup-1.2.1.jar:/Users/aras88/.m2/repository/io/rest-assured/json-path/5.5.0/json-path-5.5.0.jar:/Users/aras88/.m2/repository/org/apache/groovy/groovy-json/4.0.24/groovy-json-4.0.24.jar:/Users/aras88/.m2/repository/io/rest-assured/rest-assured-common/5.5.0/rest-assured-common-5.5.0.jar:/Users/aras88/.m2/repository/io/rest-assured/xml-path/5.5.0/xml-path-5.5.0.jar:/Users/aras88/.m2/repository/org/apache/commons/commons-lang3/3.17.0/commons-lang3-3.17.0.jar:/Users/aras88/.m2/repository/org/springframework/boot/spring-boot-starter-test/3.4.1/spring-boot-starter-test-3.4.1.jar:/Users/aras88/.m2/repository/org/springframework/boot/spring-boot-test/3.4.1/spring-boot-test-3.4.1.jar:/Users/aras88/.m2/repository/org/springframework/boot/spring-boot-test-autoconfigure/3.4.1/spring-boot-test-autoconfigure-3.4.1.jar:/Users/aras88/.m2/repository/com/jayway/jsonpath/json-path/2.9.0/json-path-2.9.0.jar:/Users/aras88/.m2/repository/org/slf4j/slf4j-api/2.0.16/slf4j-api-2.0.16.jar:/Users/aras88/.m2/repository/jakarta/xml/bind/jakarta.xml.bind-api/4.0.2/jakarta.xml.bind-api-4.0.2.jar:/Users/aras88/.m2/repository/jakarta/activation/jakarta.activation-api/2.1.3/jakarta.activation-api-2.1.3.jar:/Users/aras88/.m2/repository/net/minidev/json-smart/2.5.1/json-smart-2.5.1.jar:/Users/aras88/.m2/repository/net/minidev/accessors-smart/2.5.1/accessors-smart-2.5.1.jar:/Users/aras88/.m2/repository/org/ow2/asm/asm/9.6/asm-9.6.jar:/Users/aras88/.m2/repository/org/assertj/assertj-core/3.26.3/assertj-core-3.26.3.jar:/Users/aras88/.m2/repository/net/bytebuddy/byte-buddy/1.15.11/byte-buddy-1.15.11.jar:/Users/aras88/.m2/repository/org/awaitility/awaitility/4.2.2/awaitility-4.2.2.jar:/Users/aras88/.m2/repository/org/junit/jupiter/junit-jupiter/5.11.4/junit-jupiter-5.11.4.jar:/Users/aras88/.m2/repository/org/junit/jupiter/junit-jupiter-api/5.11.4/junit-jupiter-api-5.11.4.jar:/Users/aras88/.m2/repository/org/opentest4j/opentest4j/1.3.0/opentest4j-1.3.0.jar:/Users/aras88/.m2/repository/org/junit/platform/junit-platform-commons/1.11.4/junit-platform-commons-1.11.4.jar:/Users/aras88/.m2/repository/org/apiguardian/apiguardian-api/1.1.2/apiguardian-api-1.1.2.jar:/Users/aras88/.m2/repository/org/junit/jupiter/junit-jupiter-params/5.11.4/junit-jupiter-params-5.11.4.jar:/Users/aras88/.m2/repository/org/junit/jupiter/junit-jupiter-engine/5.11.4/junit-jupiter-engine-5.11.4.jar:/Users/aras88/.m2/repository/org/junit/platform/junit-platform-engine/1.11.4/junit-platform-engine-1.11.4.jar:/Users/aras88/.m2/repository/org/mockito/mockito-core/5.14.2/mockito-core-5.14.2.jar:/Users/aras88/.m2/repository/net/bytebuddy/byte-buddy-agent/1.15.11/byte-buddy-agent-1.15.11.jar:/Users/aras88/.m2/repository/org/objenesis/objenesis/3.3/objenesis-3.3.jar:/Users/aras88/.m2/repository/org/mockito/mockito-junit-jupiter/5.14.2/mockito-junit-jupiter-5.14.2.jar:/Users/aras88/.m2/repository/org/skyscreamer/jsonassert/1.5.3/jsonassert-1.5.3.jar:/Users/aras88/.m2/repository/com/vaadin/external/google/android-json/0.0.20131108.vaadin1/android-json-0.0.20131108.vaadin1.jar:/Users/aras88/.m2/repository/org/springframework/spring-core/6.2.1/spring-core-6.2.1.jar:/Users/aras88/.m2/repository/org/springframework/spring-jcl/6.2.1/spring-jcl-6.2.1.jar:/Users/aras88/.m2/repository/org/springframework/spring-test/6.2.1/spring-test-6.2.1.jar:/Users/aras88/.m2/repository/org/xmlunit/xmlunit-core/2.10.0/xmlunit-core-2.10.0.jar:/Users/aras88/.m2/repository/com/aventstack/extentreports/5.0.9/extentreports-5.0.9.jar:/Users/aras88/.m2/repository/io/reactivex/rxjava3/rxjava/3.1.10/rxjava-3.1.10.jar:/Users/aras88/.m2/repository/org/reactivestreams/reactive-streams/1.0.4/reactive-streams-1.0.4.jar:/Users/aras88/.m2/repository/org/freemarker/freemarker/2.3.33/freemarker-2.3.33.jar:/Users/aras88/.m2/repository/com/google/code/gson/gson/2.11.0/gson-2.11.0.jar:/Users/aras88/.m2/repository/com/google/errorprone/error_prone_annotations/2.27.0/error_prone_annotations-2.27.0.jar:"/>
    <property name="java.vm.vendor" value="Amazon.com Inc."/>
    <property name="sun.arch.data.model" value="64"/>
    <property name="java.vendor.url" value="https://aws.amazon.com/corretto/"/>
    <property name="user.timezone" value="Europe/Warsaw"/>
    <property name="os.name" value="Mac OS X"/>
    <property name="java.vm.specification.version" value="21"/>
    <property name="APPLICATION_NAME" value="github-automation"/>
    <property name="sun.java.launcher" value="SUN_STANDARD"/>
    <property name="user.country" value="PL"/>
    <property name="sun.boot.library.path" value="/Users/aras88/Library/Java/JavaVirtualMachines/corretto-21.0.1/Contents/Home/lib"/>
    <property name="sun.java.command" value="/Users/aras88/GitHub/github-automation/target/surefire/surefirebooter-20241228023930992_3.jar /Users/aras88/GitHub/github-automation/target/surefire 2024-12-28T02-39-30_895-jvmRun1 surefire-20241228023930992_1tmp surefire_0-20241228023930992_2tmp"/>
    <property name="http.nonProxyHosts" value="local|*.local|169.254/16|*.169.254/16"/>
    <property name="jdk.debug" value="release"/>
    <property name="surefire.test.class.path" value="/Users/aras88/GitHub/github-automation/target/test-classes:/Users/aras88/GitHub/github-automation/target/classes:/Users/aras88/.m2/repository/org/springframework/boot/spring-boot-starter-web/3.4.1/spring-boot-starter-web-3.4.1.jar:/Users/aras88/.m2/repository/org/springframework/boot/spring-boot-starter/3.4.1/spring-boot-starter-3.4.1.jar:/Users/aras88/.m2/repository/org/springframework/boot/spring-boot/3.4.1/spring-boot-3.4.1.jar:/Users/aras88/.m2/repository/org/springframework/boot/spring-boot-autoconfigure/3.4.1/spring-boot-autoconfigure-3.4.1.jar:/Users/aras88/.m2/repository/org/springframework/boot/spring-boot-starter-logging/3.4.1/spring-boot-starter-logging-3.4.1.jar:/Users/aras88/.m2/repository/ch/qos/logback/logback-classic/1.5.12/logback-classic-1.5.12.jar:/Users/aras88/.m2/repository/ch/qos/logback/logback-core/1.5.12/logback-core-1.5.12.jar:/Users/aras88/.m2/repository/org/apache/logging/log4j/log4j-to-slf4j/2.24.3/log4j-to-slf4j-2.24.3.jar:/Users/aras88/.m2/repository/org/apache/logging/log4j/log4j-api/2.24.3/log4j-api-2.24.3.jar:/Users/aras88/.m2/repository/org/slf4j/jul-to-slf4j/2.0.16/jul-to-slf4j-2.0.16.jar:/Users/aras88/.m2/repository/jakarta/annotation/jakarta.annotation-api/2.1.1/jakarta.annotation-api-2.1.1.jar:/Users/aras88/.m2/repository/org/yaml/snakeyaml/2.3/snakeyaml-2.3.jar:/Users/aras88/.m2/repository/org/springframework/boot/spring-boot-starter-json/3.4.1/spring-boot-starter-json-3.4.1.jar:/Users/aras88/.m2/repository/com/fasterxml/jackson/core/jackson-databind/2.18.2/jackson-databind-2.18.2.jar:/Users/aras88/.m2/repository/com/fasterxml/jackson/core/jackson-annotations/2.18.2/jackson-annotations-2.18.2.jar:/Users/aras88/.m2/repository/com/fasterxml/jackson/core/jackson-core/2.18.2/jackson-core-2.18.2.jar:/Users/aras88/.m2/repository/com/fasterxml/jackson/datatype/jackson-datatype-jdk8/2.18.2/jackson-datatype-jdk8-2.18.2.jar:/Users/aras88/.m2/repository/com/fasterxml/jackson/datatype/jackson-datatype-jsr310/2.18.2/jackson-datatype-jsr310-2.18.2.jar:/Users/aras88/.m2/repository/com/fasterxml/jackson/module/jackson-module-parameter-names/2.18.2/jackson-module-parameter-names-2.18.2.jar:/Users/aras88/.m2/repository/org/springframework/boot/spring-boot-starter-tomcat/3.4.1/spring-boot-starter-tomcat-3.4.1.jar:/Users/aras88/.m2/repository/org/apache/tomcat/embed/tomcat-embed-core/10.1.34/tomcat-embed-core-10.1.34.jar:/Users/aras88/.m2/repository/org/apache/tomcat/embed/tomcat-embed-el/10.1.34/tomcat-embed-el-10.1.34.jar:/Users/aras88/.m2/repository/org/apache/tomcat/embed/tomcat-embed-websocket/10.1.34/tomcat-embed-websocket-10.1.34.jar:/Users/aras88/.m2/repository/org/springframework/spring-web/6.2.1/spring-web-6.2.1.jar:/Users/aras88/.m2/repository/org/springframework/spring-beans/6.2.1/spring-beans-6.2.1.jar:/Users/aras88/.m2/repository/io/micrometer/micrometer-observation/1.14.2/micrometer-observation-1.14.2.jar:/Users/aras88/.m2/repository/io/micrometer/micrometer-commons/1.14.2/micrometer-commons-1.14.2.jar:/Users/aras88/.m2/repository/org/springframework/spring-webmvc/6.2.1/spring-webmvc-6.2.1.jar:/Users/aras88/.m2/repository/org/springframework/spring-aop/6.2.1/spring-aop-6.2.1.jar:/Users/aras88/.m2/repository/org/springframework/spring-context/6.2.1/spring-context-6.2.1.jar:/Users/aras88/.m2/repository/org/springframework/spring-expression/6.2.1/spring-expression-6.2.1.jar:/Users/aras88/.m2/repository/org/projectlombok/lombok/1.18.36/lombok-1.18.36.jar:/Users/aras88/.m2/repository/org/json/json/20220320/json-20220320.jar:/Users/aras88/.m2/repository/io/rest-assured/rest-assured/5.5.0/rest-assured-5.5.0.jar:/Users/aras88/.m2/repository/org/apache/groovy/groovy/4.0.24/groovy-4.0.24.jar:/Users/aras88/.m2/repository/org/apache/groovy/groovy-xml/4.0.24/groovy-xml-4.0.24.jar:/Users/aras88/.m2/repository/org/apache/httpcomponents/httpclient/4.5.13/httpclient-4.5.13.jar:/Users/aras88/.m2/repository/org/apache/httpcomponents/httpcore/4.4.16/httpcore-4.4.16.jar:/Users/aras88/.m2/repository/commons-logging/commons-logging/1.2/commons-logging-1.2.jar:/Users/aras88/.m2/repository/commons-codec/commons-codec/1.17.1/commons-codec-1.17.1.jar:/Users/aras88/.m2/repository/org/apache/httpcomponents/httpmime/4.5.13/httpmime-4.5.13.jar:/Users/aras88/.m2/repository/org/hamcrest/hamcrest/2.2/hamcrest-2.2.jar:/Users/aras88/.m2/repository/org/ccil/cowan/tagsoup/tagsoup/1.2.1/tagsoup-1.2.1.jar:/Users/aras88/.m2/repository/io/rest-assured/json-path/5.5.0/json-path-5.5.0.jar:/Users/aras88/.m2/repository/org/apache/groovy/groovy-json/4.0.24/groovy-json-4.0.24.jar:/Users/aras88/.m2/repository/io/rest-assured/rest-assured-common/5.5.0/rest-assured-common-5.5.0.jar:/Users/aras88/.m2/repository/io/rest-assured/xml-path/5.5.0/xml-path-5.5.0.jar:/Users/aras88/.m2/repository/org/apache/commons/commons-lang3/3.17.0/commons-lang3-3.17.0.jar:/Users/aras88/.m2/repository/org/springframework/boot/spring-boot-starter-test/3.4.1/spring-boot-starter-test-3.4.1.jar:/Users/aras88/.m2/repository/org/springframework/boot/spring-boot-test/3.4.1/spring-boot-test-3.4.1.jar:/Users/aras88/.m2/repository/org/springframework/boot/spring-boot-test-autoconfigure/3.4.1/spring-boot-test-autoconfigure-3.4.1.jar:/Users/aras88/.m2/repository/com/jayway/jsonpath/json-path/2.9.0/json-path-2.9.0.jar:/Users/aras88/.m2/repository/org/slf4j/slf4j-api/2.0.16/slf4j-api-2.0.16.jar:/Users/aras88/.m2/repository/jakarta/xml/bind/jakarta.xml.bind-api/4.0.2/jakarta.xml.bind-api-4.0.2.jar:/Users/aras88/.m2/repository/jakarta/activation/jakarta.activation-api/2.1.3/jakarta.activation-api-2.1.3.jar:/Users/aras88/.m2/repository/net/minidev/json-smart/2.5.1/json-smart-2.5.1.jar:/Users/aras88/.m2/repository/net/minidev/accessors-smart/2.5.1/accessors-smart-2.5.1.jar:/Users/aras88/.m2/repository/org/ow2/asm/asm/9.6/asm-9.6.jar:/Users/aras88/.m2/repository/org/assertj/assertj-core/3.26.3/assertj-core-3.26.3.jar:/Users/aras88/.m2/repository/net/bytebuddy/byte-buddy/1.15.11/byte-buddy-1.15.11.jar:/Users/aras88/.m2/repository/org/awaitility/awaitility/4.2.2/awaitility-4.2.2.jar:/Users/aras88/.m2/repository/org/junit/jupiter/junit-jupiter/5.11.4/junit-jupiter-5.11.4.jar:/Users/aras88/.m2/repository/org/junit/jupiter/junit-jupiter-api/5.11.4/junit-jupiter-api-5.11.4.jar:/Users/aras88/.m2/repository/org/opentest4j/opentest4j/1.3.0/opentest4j-1.3.0.jar:/Users/aras88/.m2/repository/org/junit/platform/junit-platform-commons/1.11.4/junit-platform-commons-1.11.4.jar:/Users/aras88/.m2/repository/org/apiguardian/apiguardian-api/1.1.2/apiguardian-api-1.1.2.jar:/Users/aras88/.m2/repository/org/junit/jupiter/junit-jupiter-params/5.11.4/junit-jupiter-params-5.11.4.jar:/Users/aras88/.m2/repository/org/junit/jupiter/junit-jupiter-engine/5.11.4/junit-jupiter-engine-5.11.4.jar:/Users/aras88/.m2/repository/org/junit/platform/junit-platform-engine/1.11.4/junit-platform-engine-1.11.4.jar:/Users/aras88/.m2/repository/org/mockito/mockito-core/5.14.2/mockito-core-5.14.2.jar:/Users/aras88/.m2/repository/net/bytebuddy/byte-buddy-agent/1.15.11/byte-buddy-agent-1.15.11.jar:/Users/aras88/.m2/repository/org/objenesis/objenesis/3.3/objenesis-3.3.jar:/Users/aras88/.m2/repository/org/mockito/mockito-junit-jupiter/5.14.2/mockito-junit-jupiter-5.14.2.jar:/Users/aras88/.m2/repository/org/skyscreamer/jsonassert/1.5.3/jsonassert-1.5.3.jar:/Users/aras88/.m2/repository/com/vaadin/external/google/android-json/0.0.20131108.vaadin1/android-json-0.0.20131108.vaadin1.jar:/Users/aras88/.m2/repository/org/springframework/spring-core/6.2.1/spring-core-6.2.1.jar:/Users/aras88/.m2/repository/org/springframework/spring-jcl/6.2.1/spring-jcl-6.2.1.jar:/Users/aras88/.m2/repository/org/springframework/spring-test/6.2.1/spring-test-6.2.1.jar:/Users/aras88/.m2/repository/org/xmlunit/xmlunit-core/2.10.0/xmlunit-core-2.10.0.jar:/Users/aras88/.m2/repository/com/aventstack/extentreports/5.0.9/extentreports-5.0.9.jar:/Users/aras88/.m2/repository/io/reactivex/rxjava3/rxjava/3.1.10/rxjava-3.1.10.jar:/Users/aras88/.m2/repository/org/reactivestreams/reactive-streams/1.0.4/reactive-streams-1.0.4.jar:/Users/aras88/.m2/repository/org/freemarker/freemarker/2.3.33/freemarker-2.3.33.jar:/Users/aras88/.m2/repository/com/google/code/gson/gson/2.11.0/gson-2.11.0.jar:/Users/aras88/.m2/repository/com/google/errorprone/error_prone_annotations/2.27.0/error_prone_annotations-2.27.0.jar:"/>
    <property name="sun.cpu.endian" value="little"/>
    <property name="user.home" value="/Users/aras88"/>
    <property name="user.language" value="pl"/>
    <property name="java.specification.vendor" value="Oracle Corporation"/>
    <property name="java.version.date" value="2023-10-17"/>
    <property name="java.home" value="/Users/aras88/Library/Java/JavaVirtualMachines/corretto-21.0.1/Contents/Home"/>
    <property name="file.separator" value="/"/>
    <property name="basedir" value="/Users/aras88/GitHub/github-automation"/>
    <property name="java.vm.compressedOopsMode" value="Zero based"/>
    <property name="line.separator" value="&#10;"/>
    <property name="java.vm.specification.vendor" value="Oracle Corporation"/>
    <property name="java.specification.name" value="Java Platform API Specification"/>
    <property name="FILE_LOG_CHARSET" value="UTF-8"/>
    <property name="java.awt.headless" value="true"/>
    <property name="apple.awt.application.name" value="ForkedBooter"/>
    <property name="surefire.real.class.path" value="/Users/aras88/GitHub/github-automation/target/surefire/surefirebooter-20241228023930992_3.jar"/>
    <property name="sun.management.compiler" value="HotSpot 64-Bit Tiered Compilers"/>
    <property name="ftp.nonProxyHosts" value="local|*.local|169.254/16|*.169.254/16"/>
    <property name="java.runtime.version" value="21.0.1+12-LTS"/>
    <property name="user.name" value="aras88"/>
    <property name="stdout.encoding" value="UTF-8"/>
    <property name="path.separator" value=":"/>
    <property name="os.version" value="15.2"/>
    <property name="java.runtime.name" value="OpenJDK Runtime Environment"/>
    <property name="file.encoding" value="UTF-8"/>
    <property name="java.vm.name" value="OpenJDK 64-Bit Server VM"/>
    <property name="java.vendor.version" value="Corretto-21.0.1.12.1"/>
    <property name="localRepository" value="/Users/aras88/.m2/repository"/>
    <property name="java.vendor.url.bug" value="https://github.com/corretto/corretto-21/issues/"/>
    <property name="java.io.tmpdir" value="/var/folders/km/msdp3p9x56x09nk72d2hg5_m0000gn/T/"/>
    <property name="java.version" value="21.0.1"/>
    <property name="user.dir" value="/Users/aras88/GitHub/github-automation"/>
    <property name="os.arch" value="aarch64"/>
    <property name="java.vm.specification.name" value="Java Virtual Machine Specification"/>
    <property name="PID" value="53050"/>
    <property name="CONSOLE_LOG_CHARSET" value="UTF-8"/>
    <property name="native.encoding" value="UTF-8"/>
    <property name="java.library.path" value="/Users/aras88/Library/Java/Extensions:/Library/Java/Extensions:/Network/Library/Java/Extensions:/System/Library/Java/Extensions:/usr/lib/java:."/>
    <property name="java.vm.info" value="mixed mode, sharing"/>
    <property name="stderr.encoding" value="UTF-8"/>
    <property name="java.vendor" value="Amazon.com Inc."/>
    <property name="java.vm.version" value="21.0.1+12-LTS"/>
    <property name="sun.io.unicode.encoding" value="UnicodeBig"/>
    <property name="socksNonProxyHosts" value="local|*.local|169.254/16|*.169.254/16"/>
    <property name="java.class.version" value="65.0"/>
    <property name="LOGGED_APPLICATION_NAME" value="[github-automation] "/>
  </properties>
  <testcase name="testCreateIssueWithoutTitle(ExtentTest)" classname="com.github.tests.CreateIssueTest" time="1.887">
    <system-out><![CDATA[2024-12-28T02:39:43.158+01:00  INFO 53050 --- [github-automation] [           main] t.c.s.AnnotationConfigContextLoaderUtils : Could not detect default configuration classes for test class [com.github.tests.CreateIssueTest]: CreateIssueTest does not declare any static, non-private, non-final, nested classes annotated with @Configuration.
2024-12-28T02:39:43.159+01:00  INFO 53050 --- [github-automation] [           main] .b.t.c.SpringBootTestContextBootstrapper : Found @SpringBootConfiguration com.github.GitHubAutomationApplication for test class com.github.tests.CreateIssueTest
Test added to map: [engine:junit-jupiter]/[class:com.github.tests.CreateIssueTest]/[method:testCreateIssueWithoutTitle(com.aventstack.extentreports.ExtentTest)] -> testCreateIssueWithoutTitle_Failure
{
    "id": 909194033,
    "node_id": "R_kgDONjEzMQ",
    "name": "test-repo-0b7c890f",
    "full_name": "mastalerzit/test-repo-0b7c890f",
    "private": false,
    "owner": {
        "login": "mastalerzit",
        "id": 193018957,
        "node_id": "U_kgDOC4E8TQ",
        "avatar_url": "https://avatars.githubusercontent.com/u/193018957?v=4",
        "gravatar_id": "",
        "url": "https://api.github.com/users/mastalerzit",
        "html_url": "https://github.com/mastalerzit",
        "followers_url": "https://api.github.com/users/mastalerzit/followers",
        "following_url": "https://api.github.com/users/mastalerzit/following{/other_user}",
        "gists_url": "https://api.github.com/users/mastalerzit/gists{/gist_id}",
        "starred_url": "https://api.github.com/users/mastalerzit/starred{/owner}{/repo}",
        "subscriptions_url": "https://api.github.com/users/mastalerzit/subscriptions",
        "organizations_url": "https://api.github.com/users/mastalerzit/orgs",
        "repos_url": "https://api.github.com/users/mastalerzit/repos",
        "events_url": "https://api.github.com/users/mastalerzit/events{/privacy}",
        "received_events_url": "https://api.github.com/users/mastalerzit/received_events",
        "type": "User",
        "user_view_type": "public",
        "site_admin": false
    },
    "html_url": "https://github.com/mastalerzit/test-repo-0b7c890f",
    "description": "Repository created for issue test",
    "fork": false,
    "url": "https://api.github.com/repos/mastalerzit/test-repo-0b7c890f",
    "forks_url": "https://api.github.com/repos/mastalerzit/test-repo-0b7c890f/forks",
    "keys_url": "https://api.github.com/repos/mastalerzit/test-repo-0b7c890f/keys{/key_id}",
    "collaborators_url": "https://api.github.com/repos/mastalerzit/test-repo-0b7c890f/collaborators{/collaborator}",
    "teams_url": "https://api.github.com/repos/mastalerzit/test-repo-0b7c890f/teams",
    "hooks_url": "https://api.github.com/repos/mastalerzit/test-repo-0b7c890f/hooks",
    "issue_events_url": "https://api.github.com/repos/mastalerzit/test-repo-0b7c890f/issues/events{/number}",
    "events_url": "https://api.github.com/repos/mastalerzit/test-repo-0b7c890f/events",
    "assignees_url": "https://api.github.com/repos/mastalerzit/test-repo-0b7c890f/assignees{/user}",
    "branches_url": "https://api.github.com/repos/mastalerzit/test-repo-0b7c890f/branches{/branch}",
    "tags_url": "https://api.github.com/repos/mastalerzit/test-repo-0b7c890f/tags",
    "blobs_url": "https://api.github.com/repos/mastalerzit/test-repo-0b7c890f/git/blobs{/sha}",
    "git_tags_url": "https://api.github.com/repos/mastalerzit/test-repo-0b7c890f/git/tags{/sha}",
    "git_refs_url": "https://api.github.com/repos/mastalerzit/test-repo-0b7c890f/git/refs{/sha}",
    "trees_url": "https://api.github.com/repos/mastalerzit/test-repo-0b7c890f/git/trees{/sha}",
    "statuses_url": "https://api.github.com/repos/mastalerzit/test-repo-0b7c890f/statuses/{sha}",
    "languages_url": "https://api.github.com/repos/mastalerzit/test-repo-0b7c890f/languages",
    "stargazers_url": "https://api.github.com/repos/mastalerzit/test-repo-0b7c890f/stargazers",
    "contributors_url": "https://api.github.com/repos/mastalerzit/test-repo-0b7c890f/contributors",
    "subscribers_url": "https://api.github.com/repos/mastalerzit/test-repo-0b7c890f/subscribers",
    "subscription_url": "https://api.github.com/repos/mastalerzit/test-repo-0b7c890f/subscription",
    "commits_url": "https://api.github.com/repos/mastalerzit/test-repo-0b7c890f/commits{/sha}",
    "git_commits_url": "https://api.github.com/repos/mastalerzit/test-repo-0b7c890f/git/commits{/sha}",
    "comments_url": "https://api.github.com/repos/mastalerzit/test-repo-0b7c890f/comments{/number}",
    "issue_comment_url": "https://api.github.com/repos/mastalerzit/test-repo-0b7c890f/issues/comments{/number}",
    "contents_url": "https://api.github.com/repos/mastalerzit/test-repo-0b7c890f/contents/{+path}",
    "compare_url": "https://api.github.com/repos/mastalerzit/test-repo-0b7c890f/compare/{base}...{head}",
    "merges_url": "https://api.github.com/repos/mastalerzit/test-repo-0b7c890f/merges",
    "archive_url": "https://api.github.com/repos/mastalerzit/test-repo-0b7c890f/{archive_format}{/ref}",
    "downloads_url": "https://api.github.com/repos/mastalerzit/test-repo-0b7c890f/downloads",
    "issues_url": "https://api.github.com/repos/mastalerzit/test-repo-0b7c890f/issues{/number}",
    "pulls_url": "https://api.github.com/repos/mastalerzit/test-repo-0b7c890f/pulls{/number}",
    "milestones_url": "https://api.github.com/repos/mastalerzit/test-repo-0b7c890f/milestones{/number}",
    "notifications_url": "https://api.github.com/repos/mastalerzit/test-repo-0b7c890f/notifications{?since,all,participating}",
    "labels_url": "https://api.github.com/repos/mastalerzit/test-repo-0b7c890f/labels{/name}",
    "releases_url": "https://api.github.com/repos/mastalerzit/test-repo-0b7c890f/releases{/id}",
    "deployments_url": "https://api.github.com/repos/mastalerzit/test-repo-0b7c890f/deployments",
    "created_at": "2024-12-28T01:39:43Z",
    "updated_at": "2024-12-28T01:39:43Z",
    "pushed_at": "2024-12-28T01:39:43Z",
    "git_url": "git://github.com/mastalerzit/test-repo-0b7c890f.git",
    "ssh_url": "git@github.com:mastalerzit/test-repo-0b7c890f.git",
    "clone_url": "https://github.com/mastalerzit/test-repo-0b7c890f.git",
    "svn_url": "https://github.com/mastalerzit/test-repo-0b7c890f",
    "homepage": null,
    "size": 0,
    "stargazers_count": 0,
    "watchers_count": 0,
    "language": null,
    "has_issues": true,
    "has_projects": true,
    "has_downloads": true,
    "has_wiki": true,
    "has_pages": false,
    "has_discussions": false,
    "forks_count": 0,
    "mirror_url": null,
    "archived": false,
    "disabled": false,
    "open_issues_count": 0,
    "license": null,
    "allow_forking": true,
    "is_template": false,
    "web_commit_signoff_required": false,
    "topics": [
        
    ],
    "visibility": "public",
    "forks": 0,
    "open_issues": 0,
    "watchers": 0,
    "default_branch": "main",
    "permissions": {
        "admin": true,
        "maintain": true,
        "push": true,
        "triage": true,
        "pull": true
    },
    "allow_squash_merge": true,
    "allow_merge_commit": true,
    "allow_rebase_merge": true,
    "allow_auto_merge": false,
    "delete_branch_on_merge": false,
    "allow_update_branch": false,
    "use_squash_pr_title_as_default": false,
    "squash_merge_commit_message": "COMMIT_MESSAGES",
    "squash_merge_commit_title": "COMMIT_OR_PR_TITLE",
    "merge_commit_message": "PR_TITLE",
    "merge_commit_title": "MERGE_MESSAGE",
    "network_count": 0,
    "subscribers_count": 0
}
{
    "message": "Validation Failed",
    "errors": [
        {
            "resource": "Issue",
            "code": "missing_field",
            "field": "title"
        }
    ],
    "documentation_url": "https://docs.github.com/rest/issues/issues#create-an-issue",
    "status": "422"
}

]]></system-out>
  </testcase>
  <testcase name="testCreateIssue(ExtentTest)" classname="com.github.tests.CreateIssueTest" time="2.551">
    <system-out><![CDATA[Test added to map: [engine:junit-jupiter]/[class:com.github.tests.CreateIssueTest]/[method:testCreateIssue(com.aventstack.extentreports.ExtentTest)] -> testCreateIssue_Success
{
    "id": 909194041,
    "node_id": "R_kgDONjEzOQ",
    "name": "test-repo-7a49007d",
    "full_name": "mastalerzit/test-repo-7a49007d",
    "private": false,
    "owner": {
        "login": "mastalerzit",
        "id": 193018957,
        "node_id": "U_kgDOC4E8TQ",
        "avatar_url": "https://avatars.githubusercontent.com/u/193018957?v=4",
        "gravatar_id": "",
        "url": "https://api.github.com/users/mastalerzit",
        "html_url": "https://github.com/mastalerzit",
        "followers_url": "https://api.github.com/users/mastalerzit/followers",
        "following_url": "https://api.github.com/users/mastalerzit/following{/other_user}",
        "gists_url": "https://api.github.com/users/mastalerzit/gists{/gist_id}",
        "starred_url": "https://api.github.com/users/mastalerzit/starred{/owner}{/repo}",
        "subscriptions_url": "https://api.github.com/users/mastalerzit/subscriptions",
        "organizations_url": "https://api.github.com/users/mastalerzit/orgs",
        "repos_url": "https://api.github.com/users/mastalerzit/repos",
        "events_url": "https://api.github.com/users/mastalerzit/events{/privacy}",
        "received_events_url": "https://api.github.com/users/mastalerzit/received_events",
        "type": "User",
        "user_view_type": "public",
        "site_admin": false
    },
    "html_url": "https://github.com/mastalerzit/test-repo-7a49007d",
    "description": "Repository created for issue test",
    "fork": false,
    "url": "https://api.github.com/repos/mastalerzit/test-repo-7a49007d",
    "forks_url": "https://api.github.com/repos/mastalerzit/test-repo-7a49007d/forks",
    "keys_url": "https://api.github.com/repos/mastalerzit/test-repo-7a49007d/keys{/key_id}",
    "collaborators_url": "https://api.github.com/repos/mastalerzit/test-repo-7a49007d/collaborators{/collaborator}",
    "teams_url": "https://api.github.com/repos/mastalerzit/test-repo-7a49007d/teams",
    "hooks_url": "https://api.github.com/repos/mastalerzit/test-repo-7a49007d/hooks",
    "issue_events_url": "https://api.github.com/repos/mastalerzit/test-repo-7a49007d/issues/events{/number}",
    "events_url": "https://api.github.com/repos/mastalerzit/test-repo-7a49007d/events",
    "assignees_url": "https://api.github.com/repos/mastalerzit/test-repo-7a49007d/assignees{/user}",
    "branches_url": "https://api.github.com/repos/mastalerzit/test-repo-7a49007d/branches{/branch}",
    "tags_url": "https://api.github.com/repos/mastalerzit/test-repo-7a49007d/tags",
    "blobs_url": "https://api.github.com/repos/mastalerzit/test-repo-7a49007d/git/blobs{/sha}",
    "git_tags_url": "https://api.github.com/repos/mastalerzit/test-repo-7a49007d/git/tags{/sha}",
    "git_refs_url": "https://api.github.com/repos/mastalerzit/test-repo-7a49007d/git/refs{/sha}",
    "trees_url": "https://api.github.com/repos/mastalerzit/test-repo-7a49007d/git/trees{/sha}",
    "statuses_url": "https://api.github.com/repos/mastalerzit/test-repo-7a49007d/statuses/{sha}",
    "languages_url": "https://api.github.com/repos/mastalerzit/test-repo-7a49007d/languages",
    "stargazers_url": "https://api.github.com/repos/mastalerzit/test-repo-7a49007d/stargazers",
    "contributors_url": "https://api.github.com/repos/mastalerzit/test-repo-7a49007d/contributors",
    "subscribers_url": "https://api.github.com/repos/mastalerzit/test-repo-7a49007d/subscribers",
    "subscription_url": "https://api.github.com/repos/mastalerzit/test-repo-7a49007d/subscription",
    "commits_url": "https://api.github.com/repos/mastalerzit/test-repo-7a49007d/commits{/sha}",
    "git_commits_url": "https://api.github.com/repos/mastalerzit/test-repo-7a49007d/git/commits{/sha}",
    "comments_url": "https://api.github.com/repos/mastalerzit/test-repo-7a49007d/comments{/number}",
    "issue_comment_url": "https://api.github.com/repos/mastalerzit/test-repo-7a49007d/issues/comments{/number}",
    "contents_url": "https://api.github.com/repos/mastalerzit/test-repo-7a49007d/contents/{+path}",
    "compare_url": "https://api.github.com/repos/mastalerzit/test-repo-7a49007d/compare/{base}...{head}",
    "merges_url": "https://api.github.com/repos/mastalerzit/test-repo-7a49007d/merges",
    "archive_url": "https://api.github.com/repos/mastalerzit/test-repo-7a49007d/{archive_format}{/ref}",
    "downloads_url": "https://api.github.com/repos/mastalerzit/test-repo-7a49007d/downloads",
    "issues_url": "https://api.github.com/repos/mastalerzit/test-repo-7a49007d/issues{/number}",
    "pulls_url": "https://api.github.com/repos/mastalerzit/test-repo-7a49007d/pulls{/number}",
    "milestones_url": "https://api.github.com/repos/mastalerzit/test-repo-7a49007d/milestones{/number}",
    "notifications_url": "https://api.github.com/repos/mastalerzit/test-repo-7a49007d/notifications{?since,all,participating}",
    "labels_url": "https://api.github.com/repos/mastalerzit/test-repo-7a49007d/labels{/name}",
    "releases_url": "https://api.github.com/repos/mastalerzit/test-repo-7a49007d/releases{/id}",
    "deployments_url": "https://api.github.com/repos/mastalerzit/test-repo-7a49007d/deployments",
    "created_at": "2024-12-28T01:39:45Z",
    "updated_at": "2024-12-28T01:39:45Z",
    "pushed_at": "2024-12-28T01:39:45Z",
    "git_url": "git://github.com/mastalerzit/test-repo-7a49007d.git",
    "ssh_url": "git@github.com:mastalerzit/test-repo-7a49007d.git",
    "clone_url": "https://github.com/mastalerzit/test-repo-7a49007d.git",
    "svn_url": "https://github.com/mastalerzit/test-repo-7a49007d",
    "homepage": null,
    "size": 0,
    "stargazers_count": 0,
    "watchers_count": 0,
    "language": null,
    "has_issues": true,
    "has_projects": true,
    "has_downloads": true,
    "has_wiki": true,
    "has_pages": false,
    "has_discussions": false,
    "forks_count": 0,
    "mirror_url": null,
    "archived": false,
    "disabled": false,
    "open_issues_count": 0,
    "license": null,
    "allow_forking": true,
    "is_template": false,
    "web_commit_signoff_required": false,
    "topics": [
        
    ],
    "visibility": "public",
    "forks": 0,
    "open_issues": 0,
    "watchers": 0,
    "default_branch": "main",
    "permissions": {
        "admin": true,
        "maintain": true,
        "push": true,
        "triage": true,
        "pull": true
    },
    "allow_squash_merge": true,
    "allow_merge_commit": true,
    "allow_rebase_merge": true,
    "allow_auto_merge": false,
    "delete_branch_on_merge": false,
    "allow_update_branch": false,
    "use_squash_pr_title_as_default": false,
    "squash_merge_commit_message": "COMMIT_MESSAGES",
    "squash_merge_commit_title": "COMMIT_OR_PR_TITLE",
    "merge_commit_message": "PR_TITLE",
    "merge_commit_title": "MERGE_MESSAGE",
    "network_count": 0,
    "subscribers_count": 0
}
{
    "url": "https://api.github.com/repos/mastalerzit/test-repo-7a49007d/issues/1",
    "repository_url": "https://api.github.com/repos/mastalerzit/test-repo-7a49007d",
    "labels_url": "https://api.github.com/repos/mastalerzit/test-repo-7a49007d/issues/1/labels{/name}",
    "comments_url": "https://api.github.com/repos/mastalerzit/test-repo-7a49007d/issues/1/comments",
    "events_url": "https://api.github.com/repos/mastalerzit/test-repo-7a49007d/issues/1/events",
    "html_url": "https://github.com/mastalerzit/test-repo-7a49007d/issues/1",
    "id": 2761388616,
    "node_id": "I_kwDONjEzOc6kl3JI",
    "number": 1,
    "title": "Test Issue JUnit 5 - 3a010d",
    "user": {
        "login": "mastalerzit",
        "id": 193018957,
        "node_id": "U_kgDOC4E8TQ",
        "avatar_url": "https://avatars.githubusercontent.com/u/193018957?v=4",
        "gravatar_id": "",
        "url": "https://api.github.com/users/mastalerzit",
        "html_url": "https://github.com/mastalerzit",
        "followers_url": "https://api.github.com/users/mastalerzit/followers",
        "following_url": "https://api.github.com/users/mastalerzit/following{/other_user}",
        "gists_url": "https://api.github.com/users/mastalerzit/gists{/gist_id}",
        "starred_url": "https://api.github.com/users/mastalerzit/starred{/owner}{/repo}",
        "subscriptions_url": "https://api.github.com/users/mastalerzit/subscriptions",
        "organizations_url": "https://api.github.com/users/mastalerzit/orgs",
        "repos_url": "https://api.github.com/users/mastalerzit/repos",
        "events_url": "https://api.github.com/users/mastalerzit/events{/privacy}",
        "received_events_url": "https://api.github.com/users/mastalerzit/received_events",
        "type": "User",
        "user_view_type": "public",
        "site_admin": false
    },
    "labels": [
        
    ],
    "state": "open",
    "locked": false,
    "assignee": null,
    "assignees": [
        
    ],
    "milestone": null,
    "comments": 0,
    "created_at": "2024-12-28T01:39:46Z",
    "updated_at": "2024-12-28T01:39:46Z",
    "closed_at": null,
    "author_association": "OWNER",
    "active_lock_reason": null,
    "body": "This is a sample issue created by a JUnit 5 test.",
    "closed_by": null,
    "reactions": {
        "url": "https://api.github.com/repos/mastalerzit/test-repo-7a49007d/issues/1/reactions",
        "total_count": 0,
        "+1": 0,
        "-1": 0,
        "laugh": 0,
        "hooray": 0,
        "confused": 0,
        "heart": 0,
        "rocket": 0,
        "eyes": 0
    },
    "timeline_url": "https://api.github.com/repos/mastalerzit/test-repo-7a49007d/issues/1/timeline",
    "performed_via_github_app": null,
    "state_reason": null
}
{
    "url": "https://api.github.com/repos/mastalerzit/test-repo-7a49007d/issues/1",
    "repository_url": "https://api.github.com/repos/mastalerzit/test-repo-7a49007d",
    "labels_url": "https://api.github.com/repos/mastalerzit/test-repo-7a49007d/issues/1/labels{/name}",
    "comments_url": "https://api.github.com/repos/mastalerzit/test-repo-7a49007d/issues/1/comments",
    "events_url": "https://api.github.com/repos/mastalerzit/test-repo-7a49007d/issues/1/events",
    "html_url": "https://github.com/mastalerzit/test-repo-7a49007d/issues/1",
    "id": 2761388616,
    "node_id": "I_kwDONjEzOc6kl3JI",
    "number": 1,
    "title": "Test Issue JUnit 5 - 3a010d",
    "user": {
        "login": "mastalerzit",
        "id": 193018957,
        "node_id": "U_kgDOC4E8TQ",
        "avatar_url": "https://avatars.githubusercontent.com/u/193018957?v=4",
        "gravatar_id": "",
        "url": "https://api.github.com/users/mastalerzit",
        "html_url": "https://github.com/mastalerzit",
        "followers_url": "https://api.github.com/users/mastalerzit/followers",
        "following_url": "https://api.github.com/users/mastalerzit/following{/other_user}",
        "gists_url": "https://api.github.com/users/mastalerzit/gists{/gist_id}",
        "starred_url": "https://api.github.com/users/mastalerzit/starred{/owner}{/repo}",
        "subscriptions_url": "https://api.github.com/users/mastalerzit/subscriptions",
        "organizations_url": "https://api.github.com/users/mastalerzit/orgs",
        "repos_url": "https://api.github.com/users/mastalerzit/repos",
        "events_url": "https://api.github.com/users/mastalerzit/events{/privacy}",
        "received_events_url": "https://api.github.com/users/mastalerzit/received_events",
        "type": "User",
        "user_view_type": "public",
        "site_admin": false
    },
    "labels": [
        
    ],
    "state": "closed",
    "locked": false,
    "assignee": null,
    "assignees": [
        
    ],
    "milestone": null,
    "comments": 0,
    "created_at": "2024-12-28T01:39:46Z",
    "updated_at": "2024-12-28T01:39:46Z",
    "closed_at": "2024-12-28T01:39:46Z",
    "author_association": "OWNER",
    "active_lock_reason": null,
    "body": "This is a sample issue created by a JUnit 5 test.",
    "closed_by": {
        "login": "mastalerzit",
        "id": 193018957,
        "node_id": "U_kgDOC4E8TQ",
        "avatar_url": "https://avatars.githubusercontent.com/u/193018957?v=4",
        "gravatar_id": "",
        "url": "https://api.github.com/users/mastalerzit",
        "html_url": "https://github.com/mastalerzit",
        "followers_url": "https://api.github.com/users/mastalerzit/followers",
        "following_url": "https://api.github.com/users/mastalerzit/following{/other_user}",
        "gists_url": "https://api.github.com/users/mastalerzit/gists{/gist_id}",
        "starred_url": "https://api.github.com/users/mastalerzit/starred{/owner}{/repo}",
        "subscriptions_url": "https://api.github.com/users/mastalerzit/subscriptions",
        "organizations_url": "https://api.github.com/users/mastalerzit/orgs",
        "repos_url": "https://api.github.com/users/mastalerzit/repos",
        "events_url": "https://api.github.com/users/mastalerzit/events{/privacy}",
        "received_events_url": "https://api.github.com/users/mastalerzit/received_events",
        "type": "User",
        "user_view_type": "public",
        "site_admin": false
    },
    "reactions": {
        "url": "https://api.github.com/repos/mastalerzit/test-repo-7a49007d/issues/1/reactions",
        "total_count": 0,
        "+1": 0,
        "-1": 0,
        "laugh": 0,
        "hooray": 0,
        "confused": 0,
        "heart": 0,
        "rocket": 0,
        "eyes": 0
    },
    "timeline_url": "https://api.github.com/repos/mastalerzit/test-repo-7a49007d/issues/1/timeline",
    "performed_via_github_app": null,
    "state_reason": "completed"
}

]]></system-out>
  </testcase>
  <testcase name="testCreateIssueWithoutAuthorization_Failure(ExtentTest)" classname="com.github.tests.CreateIssueTest" time="1.601">
    <system-out><![CDATA[Test added to map: [engine:junit-jupiter]/[class:com.github.tests.CreateIssueTest]/[method:testCreateIssueWithoutAuthorization_Failure(com.aventstack.extentreports.ExtentTest)] -> testCreateIssueWithoutAuthorization_Failure
{
    "id": 909194051,
    "node_id": "R_kgDONjEzQw",
    "name": "test-repo-7a6e4b",
    "full_name": "mastalerzit/test-repo-7a6e4b",
    "private": false,
    "owner": {
        "login": "mastalerzit",
        "id": 193018957,
        "node_id": "U_kgDOC4E8TQ",
        "avatar_url": "https://avatars.githubusercontent.com/u/193018957?v=4",
        "gravatar_id": "",
        "url": "https://api.github.com/users/mastalerzit",
        "html_url": "https://github.com/mastalerzit",
        "followers_url": "https://api.github.com/users/mastalerzit/followers",
        "following_url": "https://api.github.com/users/mastalerzit/following{/other_user}",
        "gists_url": "https://api.github.com/users/mastalerzit/gists{/gist_id}",
        "starred_url": "https://api.github.com/users/mastalerzit/starred{/owner}{/repo}",
        "subscriptions_url": "https://api.github.com/users/mastalerzit/subscriptions",
        "organizations_url": "https://api.github.com/users/mastalerzit/orgs",
        "repos_url": "https://api.github.com/users/mastalerzit/repos",
        "events_url": "https://api.github.com/users/mastalerzit/events{/privacy}",
        "received_events_url": "https://api.github.com/users/mastalerzit/received_events",
        "type": "User",
        "user_view_type": "public",
        "site_admin": false
    },
    "html_url": "https://github.com/mastalerzit/test-repo-7a6e4b",
    "description": "Repository created for unauthorized issue creation test",
    "fork": false,
    "url": "https://api.github.com/repos/mastalerzit/test-repo-7a6e4b",
    "forks_url": "https://api.github.com/repos/mastalerzit/test-repo-7a6e4b/forks",
    "keys_url": "https://api.github.com/repos/mastalerzit/test-repo-7a6e4b/keys{/key_id}",
    "collaborators_url": "https://api.github.com/repos/mastalerzit/test-repo-7a6e4b/collaborators{/collaborator}",
    "teams_url": "https://api.github.com/repos/mastalerzit/test-repo-7a6e4b/teams",
    "hooks_url": "https://api.github.com/repos/mastalerzit/test-repo-7a6e4b/hooks",
    "issue_events_url": "https://api.github.com/repos/mastalerzit/test-repo-7a6e4b/issues/events{/number}",
    "events_url": "https://api.github.com/repos/mastalerzit/test-repo-7a6e4b/events",
    "assignees_url": "https://api.github.com/repos/mastalerzit/test-repo-7a6e4b/assignees{/user}",
    "branches_url": "https://api.github.com/repos/mastalerzit/test-repo-7a6e4b/branches{/branch}",
    "tags_url": "https://api.github.com/repos/mastalerzit/test-repo-7a6e4b/tags",
    "blobs_url": "https://api.github.com/repos/mastalerzit/test-repo-7a6e4b/git/blobs{/sha}",
    "git_tags_url": "https://api.github.com/repos/mastalerzit/test-repo-7a6e4b/git/tags{/sha}",
    "git_refs_url": "https://api.github.com/repos/mastalerzit/test-repo-7a6e4b/git/refs{/sha}",
    "trees_url": "https://api.github.com/repos/mastalerzit/test-repo-7a6e4b/git/trees{/sha}",
    "statuses_url": "https://api.github.com/repos/mastalerzit/test-repo-7a6e4b/statuses/{sha}",
    "languages_url": "https://api.github.com/repos/mastalerzit/test-repo-7a6e4b/languages",
    "stargazers_url": "https://api.github.com/repos/mastalerzit/test-repo-7a6e4b/stargazers",
    "contributors_url": "https://api.github.com/repos/mastalerzit/test-repo-7a6e4b/contributors",
    "subscribers_url": "https://api.github.com/repos/mastalerzit/test-repo-7a6e4b/subscribers",
    "subscription_url": "https://api.github.com/repos/mastalerzit/test-repo-7a6e4b/subscription",
    "commits_url": "https://api.github.com/repos/mastalerzit/test-repo-7a6e4b/commits{/sha}",
    "git_commits_url": "https://api.github.com/repos/mastalerzit/test-repo-7a6e4b/git/commits{/sha}",
    "comments_url": "https://api.github.com/repos/mastalerzit/test-repo-7a6e4b/comments{/number}",
    "issue_comment_url": "https://api.github.com/repos/mastalerzit/test-repo-7a6e4b/issues/comments{/number}",
    "contents_url": "https://api.github.com/repos/mastalerzit/test-repo-7a6e4b/contents/{+path}",
    "compare_url": "https://api.github.com/repos/mastalerzit/test-repo-7a6e4b/compare/{base}...{head}",
    "merges_url": "https://api.github.com/repos/mastalerzit/test-repo-7a6e4b/merges",
    "archive_url": "https://api.github.com/repos/mastalerzit/test-repo-7a6e4b/{archive_format}{/ref}",
    "downloads_url": "https://api.github.com/repos/mastalerzit/test-repo-7a6e4b/downloads",
    "issues_url": "https://api.github.com/repos/mastalerzit/test-repo-7a6e4b/issues{/number}",
    "pulls_url": "https://api.github.com/repos/mastalerzit/test-repo-7a6e4b/pulls{/number}",
    "milestones_url": "https://api.github.com/repos/mastalerzit/test-repo-7a6e4b/milestones{/number}",
    "notifications_url": "https://api.github.com/repos/mastalerzit/test-repo-7a6e4b/notifications{?since,all,participating}",
    "labels_url": "https://api.github.com/repos/mastalerzit/test-repo-7a6e4b/labels{/name}",
    "releases_url": "https://api.github.com/repos/mastalerzit/test-repo-7a6e4b/releases{/id}",
    "deployments_url": "https://api.github.com/repos/mastalerzit/test-repo-7a6e4b/deployments",
    "created_at": "2024-12-28T01:39:47Z",
    "updated_at": "2024-12-28T01:39:48Z",
    "pushed_at": "2024-12-28T01:39:48Z",
    "git_url": "git://github.com/mastalerzit/test-repo-7a6e4b.git",
    "ssh_url": "git@github.com:mastalerzit/test-repo-7a6e4b.git",
    "clone_url": "https://github.com/mastalerzit/test-repo-7a6e4b.git",
    "svn_url": "https://github.com/mastalerzit/test-repo-7a6e4b",
    "homepage": null,
    "size": 0,
    "stargazers_count": 0,
    "watchers_count": 0,
    "language": null,
    "has_issues": true,
    "has_projects": true,
    "has_downloads": true,
    "has_wiki": true,
    "has_pages": false,
    "has_discussions": false,
    "forks_count": 0,
    "mirror_url": null,
    "archived": false,
    "disabled": false,
    "open_issues_count": 0,
    "license": null,
    "allow_forking": true,
    "is_template": false,
    "web_commit_signoff_required": false,
    "topics": [
        
    ],
    "visibility": "public",
    "forks": 0,
    "open_issues": 0,
    "watchers": 0,
    "default_branch": "main",
    "permissions": {
        "admin": true,
        "maintain": true,
        "push": true,
        "triage": true,
        "pull": true
    },
    "allow_squash_merge": true,
    "allow_merge_commit": true,
    "allow_rebase_merge": true,
    "allow_auto_merge": false,
    "delete_branch_on_merge": false,
    "allow_update_branch": false,
    "use_squash_pr_title_as_default": false,
    "squash_merge_commit_message": "COMMIT_MESSAGES",
    "squash_merge_commit_title": "COMMIT_OR_PR_TITLE",
    "merge_commit_message": "PR_TITLE",
    "merge_commit_title": "MERGE_MESSAGE",
    "network_count": 0,
    "subscribers_count": 0
}
{
    "message": "Bad credentials",
    "documentation_url": "https://docs.github.com/rest",
    "status": "401"
}

]]></system-out>
  </testcase>
  <testcase name="testCreateIssueInNonExistentRepository_Failure(ExtentTest)" classname="com.github.tests.CreateIssueTest" time="0.381">
    <system-out><![CDATA[Test added to map: [engine:junit-jupiter]/[class:com.github.tests.CreateIssueTest]/[method:testCreateIssueInNonExistentRepository_Failure(com.aventstack.extentreports.ExtentTest)] -> testCreateIssueInNonExistentRepository_Failure
{
    "message": "Not Found",
    "documentation_url": "https://docs.github.com/rest/issues/issues#create-an-issue",
    "status": "404"
}
]]></system-out>
  </testcase>
</testsuite>